<?xml version="1.0" encoding="UTF-8"?>
<!-- Generated by org.testng.reporters.JUnitReportReporter -->
<testsuite skipped="0" hostname="HP" name="org.ne.D" tests="1" failures="0" timestamp="17 Feb 2022 15:19:59 GMT" time="0.005" errors="0">
  <testcase name="tc1111" time="0.005" classname="org.ne.D"/>
</testsuite> <!-- org.ne.D -->
