<?xml version="1.0" encoding="UTF-8"?>
<!-- Generated by org.testng.reporters.JUnitReportReporter -->
<testsuite skipped="0" hostname="HP" name="org.ne.C" tests="1" failures="0" timestamp="17 Feb 2022 15:02:45 GMT" time="0.009" errors="0">
  <testcase name="tc222" time="0.009" classname="org.ne.C"/>
</testsuite> <!-- org.ne.C -->
