<?xml version="1.0" encoding="UTF-8"?>
<!-- Generated by org.testng.reporters.JUnitReportReporter -->
<testsuite skipped="0" hostname="HP" name="org.ne.B" tests="1" failures="0" timestamp="17 Feb 2022 15:19:59 GMT" time="0.030" errors="0">
  <testcase name="tc33" time="0.030" classname="org.ne.B"/>
</testsuite> <!-- org.ne.B -->
